<<<<<<< HEAD
=======>>>>>>> master13:38:46,680 (main) INFO  [uniandes.isis2304.parranderos.interfazApp.InterfazAlohandesApp] - Se encontró un archivo de configuración válido: Interfaz
13:38:46,681 (main) INFO  [uniandes.isis2304.parranderos.interfazApp.InterfazAlohandesApp] - Se aplica configuración indicada en el archivo de configuración
13:38:46,730 (main) INFO  [uniandes.isis2304.parranderos.interfazApp.InterfazAlohandesApp] - Se encontró un archivo de configuración válido: Tablas BD
13:39:06,667 (AWT-EventQueue-0) INFO  [uniandes.isis2304.parranderos.negocio.AlohAndes] - Listando el consumo de Alohandes
13:40:40,240 (main) INFO  [uniandes.isis2304.parranderos.interfazApp.InterfazAlohandesApp] - Se encontró un archivo de configuración válido: Interfaz
13:40:40,241 (main) INFO  [uniandes.isis2304.parranderos.interfazApp.InterfazAlohandesApp] - Se aplica configuración indicada en el archivo de configuración
13:40:40,279 (main) INFO  [uniandes.isis2304.parranderos.interfazApp.InterfazAlohandesApp] - Se encontró un archivo de configuración válido: Tablas BD
13:40:53,883 (AWT-EventQueue-0) INFO  [uniandes.isis2304.parranderos.negocio.AlohAndes] - Listando el consumo de Alohandes
13:42:13,617 (AWT-EventQueue-0) INFO  [uniandes.isis2304.parranderos.negocio.AlohAndes] - Listando el consumo de Alohandes
13:43:12,589 (main) INFO  [uniandes.isis2304.parranderos.interfazApp.InterfazAlohandesApp] - Se encontró un archivo de configuración válido: Interfaz
13:43:12,590 (main) INFO  [uniandes.isis2304.parranderos.interfazApp.InterfazAlohandesApp] - Se aplica configuración indicada en el archivo de configuración
13:43:12,623 (main) INFO  [uniandes.isis2304.parranderos.interfazApp.InterfazAlohandesApp] - Se encontró un archivo de configuración válido: Tablas BD
13:43:40,722 (AWT-EventQueue-0) INFO  [uniandes.isis2304.parranderos.negocio.AlohAndes] - Listando el consumo de Alohandes
13:47:39,166 (main) INFO  [uniandes.isis2304.parranderos.interfazApp.InterfazAlohandesApp] - Se encontró un archivo de configuración válido: Interfaz
13:47:39,169 (main) INFO  [uniandes.isis2304.parranderos.interfazApp.InterfazAlohandesApp] - Se aplica configuración indicada en el archivo de configuración
13:47:39,224 (main) INFO  [uniandes.isis2304.parranderos.interfazApp.InterfazAlohandesApp] - Se encontró un archivo de configuración válido: Tablas BD
13:48:09,425 (AWT-EventQueue-0) INFO  [uniandes.isis2304.parranderos.negocio.AlohAndes] - Listando el consumo de Alohandes
14:15:58,722 (main) INFO  [uniandes.isis2304.parranderos.interfazApp.InterfazAlohandesApp] - Se encontró un archivo de configuración válido: Interfaz
14:15:58,723 (main) INFO  [uniandes.isis2304.parranderos.interfazApp.InterfazAlohandesApp] - Se aplica configuración indicada en el archivo de configuración
14:15:58,772 (main) INFO  [uniandes.isis2304.parranderos.interfazApp.InterfazAlohandesApp] - Se encontró un archivo de configuración válido: Tablas BD
14:16:21,945 (main) INFO  [uniandes.isis2304.parranderos.interfazApp.InterfazAlohandesApp] - Se encontró un archivo de configuración válido: Interfaz
14:16:21,946 (main) INFO  [uniandes.isis2304.parranderos.interfazApp.InterfazAlohandesApp] - Se aplica configuración indicada en el archivo de configuración
14:16:21,984 (main) INFO  [uniandes.isis2304.parranderos.interfazApp.InterfazAlohandesApp] - Se encontró un archivo de configuración válido: Tablas BD
14:16:43,727 (AWT-EventQueue-0) INFO  [uniandes.isis2304.parranderos.negocio.AlohAndes] - Listando el consumo de Alohandes
14:16:43,944 (AWT-EventQueue-0) INFO  [uniandes.isis2304.parranderos.negocio.AlohAndes] - Listando el consumo de Alohandes: Listo!
14:17:37,992 (main) INFO  [uniandes.isis2304.parranderos.interfazApp.InterfazAlohandesApp] - Se encontró un archivo de configuración válido: Interfaz
14:17:37,992 (main) INFO  [uniandes.isis2304.parranderos.interfazApp.InterfazAlohandesApp] - Se aplica configuración indicada en el archivo de configuración
14:17:38,035 (main) INFO  [uniandes.isis2304.parranderos.interfazApp.InterfazAlohandesApp] - Se encontró un archivo de configuración válido: Tablas BD
14:17:51,846 (AWT-EventQueue-0) INFO  [uniandes.isis2304.parranderos.negocio.AlohAndes] - Listando el consumo de Alohandes
14:17:51,991 (AWT-EventQueue-0) INFO  [uniandes.isis2304.parranderos.negocio.AlohAndes] - Listando el consumo de Alohandes: Listo!
14:19:13,597 (main) INFO  [uniandes.isis2304.parranderos.interfazApp.InterfazAlohandesApp] - Se encontró un archivo de configuración válido: Interfaz
14:19:13,598 (main) INFO  [uniandes.isis2304.parranderos.interfazApp.InterfazAlohandesApp] - Se aplica configuración indicada en el archivo de configuración
14:19:13,651 (main) INFO  [uniandes.isis2304.parranderos.interfazApp.InterfazAlohandesApp] - Se encontró un archivo de configuración válido: Tablas BD
14:19:34,639 (AWT-EventQueue-0) INFO  [uniandes.isis2304.parranderos.negocio.AlohAndes] - Listando el consumo de Alohandes
14:19:47,887 (AWT-EventQueue-0) INFO  [uniandes.isis2304.parranderos.negocio.AlohAndes] - Listando el consumo de Alohandes: Listo!
14:21:28,792 (AWT-EventQueue-0) INFO  [uniandes.isis2304.parranderos.negocio.AlohAndes] - Listando el consumo de Alohandes
14:21:28,882 (AWT-EventQueue-0) INFO  [uniandes.isis2304.parranderos.negocio.AlohAndes] - Listando el consumo de Alohandes: Listo!
14:25:39,172 (main) INFO  [uniandes.isis2304.parranderos.interfazApp.InterfazAlohandesApp] - Se encontró un archivo de configuración válido: Interfaz
14:25:39,173 (main) INFO  [uniandes.isis2304.parranderos.interfazApp.InterfazAlohandesApp] - Se aplica configuración indicada en el archivo de configuración
14:25:39,211 (main) INFO  [uniandes.isis2304.parranderos.interfazApp.InterfazAlohandesApp] - Se encontró un archivo de configuración válido: Tablas BD
14:25:54,245 (AWT-EventQueue-0) INFO  [uniandes.isis2304.parranderos.negocio.AlohAndes] - Listando el consumo de Alohandes
14:26:15,725 (main) INFO  [uniandes.isis2304.parranderos.interfazApp.InterfazAlohandesApp] - Se encontró un archivo de configuración válido: Interfaz
14:26:15,726 (main) INFO  [uniandes.isis2304.parranderos.interfazApp.InterfazAlohandesApp] - Se aplica configuración indicada en el archivo de configuración
14:26:15,759 (main) INFO  [uniandes.isis2304.parranderos.interfazApp.InterfazAlohandesApp] - Se encontró un archivo de configuración válido: Tablas BD
14:26:32,514 (AWT-EventQueue-0) INFO  [uniandes.isis2304.parranderos.negocio.AlohAndes] - Listando el consumo de Alohandes
14:27:20,714 (AWT-EventQueue-0) INFO  [uniandes.isis2304.parranderos.negocio.AlohAndes] - Listando el consumo de Alohandes
14:29:53,460 (AWT-EventQueue-0) INFO  [uniandes.isis2304.parranderos.negocio.AlohAndes] - Listando el consumo de Alohandes
14:30:16,299 (main) INFO  [uniandes.isis2304.parranderos.interfazApp.InterfazAlohandesApp] - Se encontró un archivo de configuración válido: Interfaz
14:30:16,302 (main) INFO  [uniandes.isis2304.parranderos.interfazApp.InterfazAlohandesApp] - Se aplica configuración indicada en el archivo de configuración
14:30:16,353 (main) INFO  [uniandes.isis2304.parranderos.interfazApp.InterfazAlohandesApp] - Se encontró un archivo de configuración válido: Tablas BD
14:30:33,629 (AWT-EventQueue-0) INFO  [uniandes.isis2304.parranderos.negocio.AlohAndes] - Listando el consumo de Alohandes
14:33:16,914 (main) INFO  [uniandes.isis2304.parranderos.interfazApp.InterfazAlohandesApp] - Se encontró un archivo de configuración válido: Interfaz
14:33:16,916 (main) INFO  [uniandes.isis2304.parranderos.interfazApp.InterfazAlohandesApp] - Se aplica configuración indicada en el archivo de configuración
14:33:16,975 (main) INFO  [uniandes.isis2304.parranderos.interfazApp.InterfazAlohandesApp] - Se encontró un archivo de configuración válido: Tablas BD
14:34:58,888 (AWT-EventQueue-0) INFO  [uniandes.isis2304.parranderos.negocio.AlohAndes] - Listando el consumo de Alohandes
14:36:05,356 (AWT-EventQueue-0) INFO  [uniandes.isis2304.parranderos.negocio.AlohAndes] - Listando el consumo de Alohandes
14:36:47,425 (main) INFO  [uniandes.isis2304.parranderos.interfazApp.InterfazAlohandesApp] - Se encontró un archivo de configuración válido: Interfaz
14:36:47,426 (main) INFO  [uniandes.isis2304.parranderos.interfazApp.InterfazAlohandesApp] - Se aplica configuración indicada en el archivo de configuración
14:36:47,507 (main) INFO  [uniandes.isis2304.parranderos.interfazApp.InterfazAlohandesApp] - Se encontró un archivo de configuración válido: Tablas BD
14:37:07,974 (AWT-EventQueue-0) INFO  [uniandes.isis2304.parranderos.negocio.AlohAndes] - Listando el consumo de Alohandes
14:44:15,041 (main) INFO  [uniandes.isis2304.parranderos.interfazApp.InterfazAlohandesApp] - Se encontró un archivo de configuración válido: Interfaz
14:44:15,042 (main) INFO  [uniandes.isis2304.parranderos.interfazApp.InterfazAlohandesApp] - Se aplica configuración indicada en el archivo de configuración
14:44:15,104 (main) INFO  [uniandes.isis2304.parranderos.interfazApp.InterfazAlohandesApp] - Se encontró un archivo de configuración válido: Tablas BD
14:44:32,870 (AWT-EventQueue-0) INFO  [uniandes.isis2304.parranderos.negocio.AlohAndes] - Listando el consumo de Alohandes
14:45:19,870 (main) INFO  [uniandes.isis2304.parranderos.interfazApp.InterfazAlohandesApp] - Se encontró un archivo de configuración válido: Interfaz
14:45:19,871 (main) INFO  [uniandes.isis2304.parranderos.interfazApp.InterfazAlohandesApp] - Se aplica configuración indicada en el archivo de configuración
14:45:19,921 (main) INFO  [uniandes.isis2304.parranderos.interfazApp.InterfazAlohandesApp] - Se encontró un archivo de configuración válido: Tablas BD
14:45:33,421 (AWT-EventQueue-0) INFO  [uniandes.isis2304.parranderos.negocio.AlohAndes] - Listando el consumo de Alohandes
14:47:06,978 (main) INFO  [uniandes.isis2304.parranderos.interfazApp.InterfazAlohandesApp] - Se encontró un archivo de configuración válido: Interfaz
14:47:06,979 (main) INFO  [uniandes.isis2304.parranderos.interfazApp.InterfazAlohandesApp] - Se aplica configuración indicada en el archivo de configuración
14:47:07,085 (main) INFO  [uniandes.isis2304.parranderos.interfazApp.InterfazAlohandesApp] - Se encontró un archivo de configuración válido: Tablas BD
14:47:26,733 (AWT-EventQueue-0) INFO  [uniandes.isis2304.parranderos.negocio.AlohAndes] - Listando el consumo de Alohandes
14:47:38,242 (AWT-EventQueue-0) INFO  [uniandes.isis2304.parranderos.negocio.AlohAndes] - Listando el consumo de Alohandes: Listo!
14:49:31,215 (AWT-EventQueue-0) INFO  [uniandes.isis2304.parranderos.negocio.AlohAndes] - Listando el consumo de Alohandes
14:49:43,346 (AWT-EventQueue-0) INFO  [uniandes.isis2304.parranderos.negocio.AlohAndes] - Listando el consumo de Alohandes: Listo!
14:52:16,221 (main) INFO  [uniandes.isis2304.parranderos.interfazApp.InterfazAlohandesApp] - Se encontró un archivo de configuración válido: Interfaz
14:52:16,222 (main) INFO  [uniandes.isis2304.parranderos.interfazApp.InterfazAlohandesApp] - Se aplica configuración indicada en el archivo de configuración
14:52:16,265 (main) INFO  [uniandes.isis2304.parranderos.interfazApp.InterfazAlohandesApp] - Se encontró un archivo de configuración válido: Tablas BD
14:52:47,333 (AWT-EventQueue-0) INFO  [uniandes.isis2304.parranderos.negocio.AlohAndes] - Listando el consumo de Alohandes
14:57:36,557 (main) INFO  [uniandes.isis2304.parranderos.interfazApp.InterfazAlohandesApp] - Se encontró un archivo de configuración válido: Interfaz
14:57:36,558 (main) INFO  [uniandes.isis2304.parranderos.interfazApp.InterfazAlohandesApp] - Se aplica configuración indicada en el archivo de configuración
14:57:36,641 (main) INFO  [uniandes.isis2304.parranderos.interfazApp.InterfazAlohandesApp] - Se encontró un archivo de configuración válido: Tablas BD
14:57:52,655 (AWT-EventQueue-0) INFO  [uniandes.isis2304.parranderos.negocio.AlohAndes] - Listando el consumo de Alohandes
14:58:39,155 (AWT-EventQueue-0) INFO  [uniandes.isis2304.parranderos.negocio.AlohAndes] - Listando el consumo de Alohandes
14:59:39,907 (AWT-EventQueue-0) INFO  [uniandes.isis2304.parranderos.negocio.AlohAndes] - Listando el no consumo de Alohandes
15:03:01,141 (AWT-EventQueue-0) INFO  [uniandes.isis2304.parranderos.negocio.AlohAndes] - Listando el no consumo de Alohandes: Listo!
15:05:54,410 (main) INFO  [uniandes.isis2304.parranderos.interfazApp.InterfazAlohandesApp] - Se encontró un archivo de configuración válido: Interfaz
15:05:54,411 (main) INFO  [uniandes.isis2304.parranderos.interfazApp.InterfazAlohandesApp] - Se aplica configuración indicada en el archivo de configuración
15:05:54,451 (main) INFO  [uniandes.isis2304.parranderos.interfazApp.InterfazAlohandesApp] - Se encontró un archivo de configuración válido: Tablas BD
15:06:21,149 (AWT-EventQueue-0) INFO  [uniandes.isis2304.parranderos.negocio.AlohAndes] - Listando el no consumo de Alohandes
15:09:46,641 (AWT-EventQueue-0) INFO  [uniandes.isis2304.parranderos.negocio.AlohAndes] - Listando el no consumo de Alohandes: Listo!
15:10:33,556 (main) INFO  [uniandes.isis2304.parranderos.interfazApp.InterfazAlohandesApp] - Se encontró un archivo de configuración válido: Interfaz
15:10:33,557 (main) INFO  [uniandes.isis2304.parranderos.interfazApp.InterfazAlohandesApp] - Se aplica configuración indicada en el archivo de configuración
15:10:33,593 (main) INFO  [uniandes.isis2304.parranderos.interfazApp.InterfazAlohandesApp] - Se encontró un archivo de configuración válido: Tablas BD
15:10:51,161 (AWT-EventQueue-0) INFO  [uniandes.isis2304.parranderos.negocio.AlohAndes] - Listando el no consumo de Alohandes
15:11:03,545 (AWT-EventQueue-0) INFO  [uniandes.isis2304.parranderos.negocio.AlohAndes] - Listando el no consumo de Alohandes: Listo!
15:12:24,795 (AWT-EventQueue-0) INFO  [uniandes.isis2304.parranderos.negocio.AlohAndes] - Listando el no consumo de Alohandes
15:12:24,868 (AWT-EventQueue-0) INFO  [uniandes.isis2304.parranderos.negocio.AlohAndes] - Listando el no consumo de Alohandes: Listo!
15:14:42,127 (main) INFO  [uniandes.isis2304.parranderos.interfazApp.InterfazAlohandesApp] - Se encontró un archivo de configuración válido: Interfaz
15:14:42,128 (main) INFO  [uniandes.isis2304.parranderos.interfazApp.InterfazAlohandesApp] - Se aplica configuración indicada en el archivo de configuración
15:14:42,166 (main) INFO  [uniandes.isis2304.parranderos.interfazApp.InterfazAlohandesApp] - Se encontró un archivo de configuración válido: Tablas BD
15:15:00,666 (AWT-EventQueue-0) INFO  [uniandes.isis2304.parranderos.negocio.AlohAndes] - Listando el consumo de Alohandes
15:15:12,528 (AWT-EventQueue-0) INFO  [uniandes.isis2304.parranderos.negocio.AlohAndes] - Listando el no consumo de Alohandes
15:15:12,568 (AWT-EventQueue-0) INFO  [uniandes.isis2304.parranderos.negocio.AlohAndes] - Listando el no consumo de Alohandes: Listo!
15:18:20,213 (main) INFO  [uniandes.isis2304.parranderos.interfazApp.InterfazAlohandesApp] - Se encontró un archivo de configuración válido: Interfaz
15:18:20,214 (main) INFO  [uniandes.isis2304.parranderos.interfazApp.InterfazAlohandesApp] - Se aplica configuración indicada en el archivo de configuración
15:18:20,258 (main) INFO  [uniandes.isis2304.parranderos.interfazApp.InterfazAlohandesApp] - Se encontró un archivo de configuración válido: Tablas BD
15:18:35,503 (AWT-EventQueue-0) INFO  [uniandes.isis2304.parranderos.negocio.AlohAndes] - Listando el consumo de Alohandes
15:25:05,737 (main) INFO  [uniandes.isis2304.parranderos.interfazApp.InterfazAlohandesApp] - Se encontró un archivo de configuración válido: Interfaz
15:25:05,738 (main) INFO  [uniandes.isis2304.parranderos.interfazApp.InterfazAlohandesApp] - Se aplica configuración indicada en el archivo de configuración
15:25:05,862 (main) INFO  [uniandes.isis2304.parranderos.interfazApp.InterfazAlohandesApp] - Se encontró un archivo de configuración válido: Tablas BD
15:25:23,443 (AWT-EventQueue-0) INFO  [uniandes.isis2304.parranderos.negocio.AlohAndes] - Listando el consumo de Alohandes
15:27:48,539 (main) INFO  [uniandes.isis2304.parranderos.interfazApp.InterfazAlohandesApp] - Se encontró un archivo de configuración válido: Interfaz
15:27:48,540 (main) INFO  [uniandes.isis2304.parranderos.interfazApp.InterfazAlohandesApp] - Se aplica configuración indicada en el archivo de configuración
15:27:48,584 (main) INFO  [uniandes.isis2304.parranderos.interfazApp.InterfazAlohandesApp] - Se encontró un archivo de configuración válido: Tablas BD
15:28:03,866 (AWT-EventQueue-0) INFO  [uniandes.isis2304.parranderos.negocio.AlohAndes] - Listando el consumo de Alohandes
15:29:08,649 (main) INFO  [uniandes.isis2304.parranderos.interfazApp.InterfazAlohandesApp] - Se encontró un archivo de configuración válido: Interfaz
15:29:08,650 (main) INFO  [uniandes.isis2304.parranderos.interfazApp.InterfazAlohandesApp] - Se aplica configuración indicada en el archivo de configuración
15:29:08,694 (main) INFO  [uniandes.isis2304.parranderos.interfazApp.InterfazAlohandesApp] - Se encontró un archivo de configuración válido: Tablas BD
15:29:23,423 (AWT-EventQueue-0) INFO  [uniandes.isis2304.parranderos.negocio.AlohAndes] - Listando el consumo de Alohandes
15:30:03,856 (main) INFO  [uniandes.isis2304.parranderos.interfazApp.InterfazAlohandesApp] - Se encontró un archivo de configuración válido: Interfaz
15:30:03,856 (main) INFO  [uniandes.isis2304.parranderos.interfazApp.InterfazAlohandesApp] - Se aplica configuración indicada en el archivo de configuración
15:30:03,894 (main) INFO  [uniandes.isis2304.parranderos.interfazApp.InterfazAlohandesApp] - Se encontró un archivo de configuración válido: Tablas BD
15:30:19,409 (AWT-EventQueue-0) INFO  [uniandes.isis2304.parranderos.negocio.AlohAndes] - Listando el consumo de Alohandes
15:30:35,511 (AWT-EventQueue-0) INFO  [uniandes.isis2304.parranderos.negocio.AlohAndes] - Listando el no consumo de Alohandes
15:30:35,556 (AWT-EventQueue-0) INFO  [uniandes.isis2304.parranderos.negocio.AlohAndes] - Listando el no consumo de Alohandes: Listo!
15:32:39,254 (main) INFO  [uniandes.isis2304.parranderos.interfazApp.InterfazAlohandesApp] - Se encontró un archivo de configuración válido: Interfaz
15:32:39,255 (main) INFO  [uniandes.isis2304.parranderos.interfazApp.InterfazAlohandesApp] - Se aplica configuración indicada en el archivo de configuración
15:32:39,283 (main) INFO  [uniandes.isis2304.parranderos.interfazApp.InterfazAlohandesApp] - Se encontró un archivo de configuración válido: Tablas BD
15:32:55,685 (AWT-EventQueue-0) INFO  [uniandes.isis2304.parranderos.negocio.AlohAndes] - Listando el consumo de Alohandes
15:32:55,847 (AWT-EventQueue-0) INFO  [uniandes.isis2304.parranderos.negocio.AlohAndes] - Listando el consumo de Alohandes: Listo!
15:34:01,975 (main) INFO  [uniandes.isis2304.parranderos.interfazApp.InterfazAlohandesApp] - Se encontró un archivo de configuración válido: Interfaz
15:34:01,976 (main) INFO  [uniandes.isis2304.parranderos.interfazApp.InterfazAlohandesApp] - Se aplica configuración indicada en el archivo de configuración
15:34:02,013 (main) INFO  [uniandes.isis2304.parranderos.interfazApp.InterfazAlohandesApp] - Se encontró un archivo de configuración válido: Tablas BD
15:34:16,716 (AWT-EventQueue-0) INFO  [uniandes.isis2304.parranderos.negocio.AlohAndes] - Listando el consumo de Alohandes
15:34:16,879 (AWT-EventQueue-0) INFO  [uniandes.isis2304.parranderos.negocio.AlohAndes] - Listando el consumo de Alohandes: Listo!
15:34:32,432 (AWT-EventQueue-0) INFO  [uniandes.isis2304.parranderos.negocio.AlohAndes] - Listando el consumo de Alohandes
15:35:36,747 (main) INFO  [uniandes.isis2304.parranderos.interfazApp.InterfazAlohandesApp] - Se encontró un archivo de configuración válido: Interfaz
15:35:36,748 (main) INFO  [uniandes.isis2304.parranderos.interfazApp.InterfazAlohandesApp] - Se aplica configuración indicada en el archivo de configuración
15:35:36,788 (main) INFO  [uniandes.isis2304.parranderos.interfazApp.InterfazAlohandesApp] - Se encontró un archivo de configuración válido: Tablas BD
15:35:48,469 (AWT-EventQueue-0) INFO  [uniandes.isis2304.parranderos.negocio.AlohAndes] - Listando el consumo de Alohandes
15:36:02,381 (AWT-EventQueue-0) INFO  [uniandes.isis2304.parranderos.negocio.AlohAndes] - Listando el consumo de Alohandes: Listo!
15:37:34,451 (main) INFO  [uniandes.isis2304.parranderos.interfazApp.InterfazAlohandesApp] - Se encontró un archivo de configuración válido: Interfaz
15:37:34,452 (main) INFO  [uniandes.isis2304.parranderos.interfazApp.InterfazAlohandesApp] - Se aplica configuración indicada en el archivo de configuración
15:37:34,485 (main) INFO  [uniandes.isis2304.parranderos.interfazApp.InterfazAlohandesApp] - Se encontró un archivo de configuración válido: Tablas BD
